2021-05-16 21:47:36,927 - CPUUtilization.Percent:0.0|#Level:Host|#hostname:luca-PC,timestamp:1621194456
2021-05-16 21:47:36,928 - DiskAvailable.Gigabytes:124.53076553344727|#Level:Host|#hostname:luca-PC,timestamp:1621194456
2021-05-16 21:47:36,928 - DiskUsage.Gigabytes:108.02258682250977|#Level:Host|#hostname:luca-PC,timestamp:1621194456
2021-05-16 21:47:36,928 - DiskUtilization.Percent:46.5|#Level:Host|#hostname:luca-PC,timestamp:1621194456
2021-05-16 21:47:36,929 - MemoryAvailable.Megabytes:26145.5390625|#Level:Host|#hostname:luca-PC,timestamp:1621194456
2021-05-16 21:47:36,929 - MemoryUsed.Megabytes:5114.4296875|#Level:Host|#hostname:luca-PC,timestamp:1621194456
2021-05-16 21:47:36,929 - MemoryUtilization.Percent:18.5|#Level:Host|#hostname:luca-PC,timestamp:1621194456
2021-05-16 21:47:38,309 - W-9007-audionet_1.0.ms:2037|#Level:Host|#hostname:luca-PC,timestamp:1621194458
2021-05-16 21:47:38,309 - W-9000-audionet_1.0.ms:2039|#Level:Host|#hostname:luca-PC,timestamp:1621194458
2021-05-16 21:47:38,310 - WorkerThreadTime.ms:78|#Level:Host|#hostname:luca-PC,timestamp:null
2021-05-16 21:47:38,310 - WorkerThreadTime.ms:89|#Level:Host|#hostname:luca-PC,timestamp:null
2021-05-16 21:47:38,338 - W-9016-audionet_1.0.ms:2060|#Level:Host|#hostname:luca-PC,timestamp:1621194458
2021-05-16 21:47:38,338 - WorkerThreadTime.ms:62|#Level:Host|#hostname:luca-PC,timestamp:null
2021-05-16 21:47:38,393 - W-9014-audionet_1.0.ms:2119|#Level:Host|#hostname:luca-PC,timestamp:1621194458
2021-05-16 21:47:38,393 - WorkerThreadTime.ms:71|#Level:Host|#hostname:luca-PC,timestamp:null
2021-05-16 21:47:38,419 - W-9008-audionet_1.0.ms:2146|#Level:Host|#hostname:luca-PC,timestamp:1621194458
2021-05-16 21:47:38,419 - WorkerThreadTime.ms:81|#Level:Host|#hostname:luca-PC,timestamp:null
2021-05-16 21:47:38,434 - W-9013-audionet_1.0.ms:2160|#Level:Host|#hostname:luca-PC,timestamp:1621194458
2021-05-16 21:47:38,434 - WorkerThreadTime.ms:66|#Level:Host|#hostname:luca-PC,timestamp:null
2021-05-16 21:47:38,460 - W-9019-audionet_1.0.ms:2182|#Level:Host|#hostname:luca-PC,timestamp:1621194458
2021-05-16 21:47:38,460 - WorkerThreadTime.ms:78|#Level:Host|#hostname:luca-PC,timestamp:null
2021-05-16 21:47:38,475 - W-9001-audionet_1.0.ms:2204|#Level:Host|#hostname:luca-PC,timestamp:1621194458
2021-05-16 21:47:38,475 - WorkerThreadTime.ms:63|#Level:Host|#hostname:luca-PC,timestamp:null
2021-05-16 21:47:38,477 - W-9006-audionet_1.0.ms:2205|#Level:Host|#hostname:luca-PC,timestamp:1621194458
2021-05-16 21:47:38,477 - WorkerThreadTime.ms:63|#Level:Host|#hostname:luca-PC,timestamp:null
2021-05-16 21:47:38,488 - W-9002-audionet_1.0.ms:2217|#Level:Host|#hostname:luca-PC,timestamp:1621194458
2021-05-16 21:47:38,488 - WorkerThreadTime.ms:74|#Level:Host|#hostname:luca-PC,timestamp:null
2021-05-16 21:47:38,507 - W-9021-audionet_1.0.ms:2228|#Level:Host|#hostname:luca-PC,timestamp:1621194458
2021-05-16 21:47:38,507 - WorkerThreadTime.ms:78|#Level:Host|#hostname:luca-PC,timestamp:null
2021-05-16 21:47:38,522 - W-9009-audionet_1.0.ms:2249|#Level:Host|#hostname:luca-PC,timestamp:1621194458
2021-05-16 21:47:38,522 - WorkerThreadTime.ms:71|#Level:Host|#hostname:luca-PC,timestamp:null
2021-05-16 21:47:38,523 - W-9022-audionet_1.0.ms:2244|#Level:Host|#hostname:luca-PC,timestamp:1621194458
2021-05-16 21:47:38,523 - WorkerThreadTime.ms:62|#Level:Host|#hostname:luca-PC,timestamp:null
2021-05-16 21:47:38,524 - W-9023-audionet_1.0.ms:2245|#Level:Host|#hostname:luca-PC,timestamp:1621194458
2021-05-16 21:47:38,524 - WorkerThreadTime.ms:63|#Level:Host|#hostname:luca-PC,timestamp:null
2021-05-16 21:47:38,527 - W-9004-audionet_1.0.ms:2255|#Level:Host|#hostname:luca-PC,timestamp:1621194458
2021-05-16 21:47:38,527 - WorkerThreadTime.ms:82|#Level:Host|#hostname:luca-PC,timestamp:null
2021-05-16 21:47:38,535 - W-9015-audionet_1.0.ms:2261|#Level:Host|#hostname:luca-PC,timestamp:1621194458
2021-05-16 21:47:38,535 - WorkerThreadTime.ms:78|#Level:Host|#hostname:luca-PC,timestamp:null
2021-05-16 21:47:38,543 - W-9010-audionet_1.0.ms:2270|#Level:Host|#hostname:luca-PC,timestamp:1621194458
2021-05-16 21:47:38,543 - WorkerThreadTime.ms:71|#Level:Host|#hostname:luca-PC,timestamp:null
2021-05-16 21:47:38,550 - W-9005-audionet_1.0.ms:2278|#Level:Host|#hostname:luca-PC,timestamp:1621194458
2021-05-16 21:47:38,550 - WorkerThreadTime.ms:78|#Level:Host|#hostname:luca-PC,timestamp:null
2021-05-16 21:47:38,550 - W-9018-audionet_1.0.ms:2272|#Level:Host|#hostname:luca-PC,timestamp:1621194458
2021-05-16 21:47:38,550 - WorkerThreadTime.ms:78|#Level:Host|#hostname:luca-PC,timestamp:null
2021-05-16 21:47:38,551 - W-9017-audionet_1.0.ms:2273|#Level:Host|#hostname:luca-PC,timestamp:1621194458
2021-05-16 21:47:38,551 - WorkerThreadTime.ms:81|#Level:Host|#hostname:luca-PC,timestamp:null
2021-05-16 21:47:38,557 - W-9011-audionet_1.0.ms:2284|#Level:Host|#hostname:luca-PC,timestamp:1621194458
2021-05-16 21:47:38,557 - WorkerThreadTime.ms:74|#Level:Host|#hostname:luca-PC,timestamp:null
2021-05-16 21:47:38,559 - W-9003-audionet_1.0.ms:2287|#Level:Host|#hostname:luca-PC,timestamp:1621194458
2021-05-16 21:47:38,559 - WorkerThreadTime.ms:88|#Level:Host|#hostname:luca-PC,timestamp:null
2021-05-16 21:47:38,570 - W-9012-audionet_1.0.ms:2297|#Level:Host|#hostname:luca-PC,timestamp:1621194458
2021-05-16 21:47:38,570 - WorkerThreadTime.ms:70|#Level:Host|#hostname:luca-PC,timestamp:null
2021-05-16 21:47:38,571 - W-9020-audionet_1.0.ms:2293|#Level:Host|#hostname:luca-PC,timestamp:1621194458
2021-05-16 21:47:38,571 - WorkerThreadTime.ms:90|#Level:Host|#hostname:luca-PC,timestamp:null
2021-05-16 21:47:53,259 - Requests2XX.Count:1|#Level:Host|#hostname:luca-PC,timestamp:null
2021-05-16 21:47:53,259 - QueueTime.ms:0|#Level:Host|#hostname:luca-PC,timestamp:null
2021-05-16 21:47:53,259 - WorkerThreadTime.ms:2|#Level:Host|#hostname:luca-PC,timestamp:null
2021-05-16 21:48:36,878 - CPUUtilization.Percent:0.0|#Level:Host|#hostname:luca-PC,timestamp:1621194516
2021-05-16 21:48:36,878 - DiskAvailable.Gigabytes:124.5296859741211|#Level:Host|#hostname:luca-PC,timestamp:1621194516
2021-05-16 21:48:36,878 - DiskUsage.Gigabytes:108.02366638183594|#Level:Host|#hostname:luca-PC,timestamp:1621194516
2021-05-16 21:48:36,878 - DiskUtilization.Percent:46.5|#Level:Host|#hostname:luca-PC,timestamp:1621194516
2021-05-16 21:48:36,878 - MemoryAvailable.Megabytes:23883.43359375|#Level:Host|#hostname:luca-PC,timestamp:1621194516
2021-05-16 21:48:36,878 - MemoryUsed.Megabytes:7375.41015625|#Level:Host|#hostname:luca-PC,timestamp:1621194516
2021-05-16 21:48:36,879 - MemoryUtilization.Percent:25.5|#Level:Host|#hostname:luca-PC,timestamp:1621194516
2021-05-16 21:49:36,878 - CPUUtilization.Percent:0.0|#Level:Host|#hostname:luca-PC,timestamp:1621194576
2021-05-16 21:49:36,878 - DiskAvailable.Gigabytes:124.5311164855957|#Level:Host|#hostname:luca-PC,timestamp:1621194576
2021-05-16 21:49:36,879 - DiskUsage.Gigabytes:108.02223587036133|#Level:Host|#hostname:luca-PC,timestamp:1621194576
2021-05-16 21:49:36,879 - DiskUtilization.Percent:46.5|#Level:Host|#hostname:luca-PC,timestamp:1621194576
2021-05-16 21:49:36,879 - MemoryAvailable.Megabytes:23868.27734375|#Level:Host|#hostname:luca-PC,timestamp:1621194576
2021-05-16 21:49:36,879 - MemoryUsed.Megabytes:7390.1171875|#Level:Host|#hostname:luca-PC,timestamp:1621194576
2021-05-16 21:49:36,879 - MemoryUtilization.Percent:25.6|#Level:Host|#hostname:luca-PC,timestamp:1621194576
